C51 COMPILER V9.00   MAIN                                                                  04/08/2022 23:29:47 PAGE 1   


C51 COMPILER V9.00, COMPILATION OF MODULE MAIN
OBJECT MODULE PLACED IN main.OBJ
COMPILER INVOKED BY: C:\Keil\C51\BIN\C51.EXE main.c BROWSE DEBUG OBJECTEXTEND

line level    source

   1          #include<STC15F2K60S2.H>
   2          
   3          #include"key.c"
   4          
   5          #include"iic.c"
   6          
   7          unsigned char sr,sr1,nss,cp,ks,kss;
   8          
   9          unsigned int ns;
  10          
  11          unsigned char seven_seg[]={0xc0,0xf9,0xa4,0xb0,0x99,0x92,0x82,0xf8,0x80,0x90};
  12          
  13          void stc_init()
  14          {
  15   1              P2=0xa0;
  16   1              P0=0x00;
  17   1              P2=0x00;
  18   1              P2=0x80;
  19   1              P0=0xff;
  20   1              P2=0x00;
  21   1      }
  22          
  23          void timer0_init()
  24          {
  25   1              TMOD=0x01;
  26   1              TH0=(65536-5000)/256;
  27   1              TL0=(65536-5000)%256;
  28   1              EA=1;
  29   1              ET0=1;
  30   1              TR0=1;
  31   1      }
  32          void timer0_isr()interrupt 1
  33          {       
  34   1              if(ns<cs)
  35   1              {
  36   2                      TH0=(65536-5000)/256;
  37   2                      TL0=(65535-5000)%256;
  38   2                      cp++;
  39   2                      if(cp>=200)
  40   2                      {
  41   3                              ks++;
  42   3                              if(ks>5)
  43   3                              {
  44   4                                      ks=0;
  45   4                              }
  46   3                              cp=0;
  47   3                      }
  48   2              }
  49   1              if(ns>=cs)
  50   1              {
  51   2                      cp=0;           
  52   2              }
  53   1      }
  54          void display_js()
  55          {
C51 COMPILER V9.00   MAIN                                                                  04/08/2022 23:29:47 PAGE 2   

  56   1              if(sr>cs)
  57   1              {
  58   2                      sr1=1;
  59   2              }
  60   1              else if(sr1==1)
  61   1              {
  62   2                      sr1=0;
  63   2                      js++;
  64   2                      if(js>99)
  65   2                      {
  66   3                              js=0;
  67   3                      }
  68   2              } 
  69   1              if(js%2==1)
  70   1              {
  71   2                              P2=0x80;
  72   2                              P0=0xfd;
  73   2                              P2=0x00;
  74   2              }       
  75   1      }
  76          
  77          void display()
  78          {       
  79   1              unsigned char a,k,n;
  80   1              P36=0;
  81   1              P0=0xff;
  82   1              if(key_flag==0)
  83   1              {
  84   2                      switch(a)
  85   2                      {
  86   3                              case 0:P2=0xc0;P0=0x80;P2=0xe0;P0=seven_seg[ns%10];break;
  87   3                              case 1:P2=0xc0;P0=0x40;P2=0xe0;P0=seven_seg[ns/10%10];break;
  88   3                              case 2:P2=0xc0;P0=0x20;P2=0xe0;P0=seven_seg[ns/100]&0x7f;break;
  89   3                              case 3:P2=0xc0;P0=0x01;P2=0xe0;P0=0xc1;break;              //电压u的标识符位0xc1
  90   3                      }
  91   2                      a++;
  92   2                      if(a>3)
  93   2                      {
  94   3                              a=0;
  95   3                      }
  96   2              }
  97   1              if(key_flag==1)
  98   1              {
  99   2                      switch(k)
 100   2                      {
 101   3                              case 0:P2=0xc0;P0=0x80;P2=0xe0;P0=seven_seg[cs%10];delay(100);break;
 102   3                              case 1:P2=0xc0;P0=0x40;P2=0xe0;P0=seven_seg[cs/10%10];delay(100);break;
 103   3                              case 2:P2=0xc0;P0=0x20;P2=0xe0;P0=seven_seg[cs/100]&0x7f;delay(100);break;
 104   3                              case 3:P2=0xc0;P0=0x01;P2=0xe0;P0=0x8c;delay(100);break;
 105   3                      }
 106   2                      k++;
 107   2                      if(k>3)
 108   2                      {
 109   3                              k=0;
 110   3                      }
 111   2              }
 112   1              if(key_flag==2)
 113   1              {
 114   2                      switch(n)
 115   2                      {
 116   3                              case 0:P2=0xc0;P0=0x80;P2=0xe0;P0=seven_seg[js%10];delay(100);break;
 117   3                              case 1:P2=0xc0;P0=0x40;P2=0xe0;P0=seven_seg[js/10];delay(100);break;
C51 COMPILER V9.00   MAIN                                                                  04/08/2022 23:29:47 PAGE 3   

 118   3                              case 2:P2=0xc0;P0=0x01;P2=0xe0;P0=0xc8;delay(100);break;
 119   3                      }
 120   2                      n++;
 121   2                      if(n>3)
 122   2                      {
 123   3                              n=0;
 124   3                      }
 125   2              }       
 126   1      }
 127                          
 128          void main()
 129          {
 130   1              cs=300; 
 131   1              cs=eeprom_read(0);
 132   1              stc_init();
 133   1              timer0_init();
 134   1              while(1)
 135   1              {
 136   2                      sr=adc_read(3);
 137   2                      ns=(float)sr*(5.0/255)*100;
 138   2                      key_scanf();
 139   2                      display();
 140   2                      eeprom_writer(0,cs/10);
 141   2                      display_js();
 142   2                      if((sr/10)>(cs/10))
 143   2                      {
 144   3                              P2=0x80;
 145   3                              P0=0xff;
 146   3                              P2=0x00;
 147   3                      }
 148   2                      if(ks==5)
 149   2                      {
 150   3                              P2=0x80;
 151   3                              P0=0xfe;
 152   3                              P2=0x00;        
 153   3                      }
 154   2                      if(ns>=cs)
 155   2                      {
 156   3                              P2=0x80;
 157   3                              P0=0xff;
 158   3                              P2=0x00;        
 159   3                      }
 160   2                      
 161   2              }
 162   1      }        


MODULE INFORMATION:   STATIC OVERLAYABLE
   CODE SIZE        =   1441    ----
   CONSTANT SIZE    =   ----    ----
   XDATA SIZE       =   ----    ----
   PDATA SIZE       =   ----    ----
   DATA SIZE        =     27       3
   IDATA SIZE       =   ----    ----
   BIT SIZE         =   ----       1
END OF MODULE INFORMATION.


C51 COMPILATION COMPLETE.  0 WARNING(S),  0 ERROR(S)
